  ffff.cpp
d:\大三上\cg\opengl_code\ffff\ffff\ffff.cpp(25): warning C4305: “初始化”: 从“double”到“float”截断
d:\大三上\cg\opengl_code\ffff\ffff\ffff.cpp(152): warning C4305: “+=”: 从“double”到“GLfloat”截断
d:\大三上\cg\opengl_code\ffff\ffff\ffff.cpp(153): warning C4305: “+=”: 从“double”到“GLfloat”截断
d:\大三上\cg\opengl_code\ffff\ffff\ffff.cpp(166): warning C4244: “=”: 从“double”转换到“float”，可能丢失数据
d:\大三上\cg\opengl_code\ffff\ffff\ffff.cpp(185): warning C4244: “=”: 从“double”转换到“float”，可能丢失数据
d:\大三上\cg\opengl_code\ffff\ffff\ffff.cpp(250): warning C4305: “=”: 从“double”到“float”截断
d:\大三上\cg\opengl_code\ffff\ffff\ffff.cpp(256): warning C4305: “参数”: 从“double”到“GLfloat”截断
d:\大三上\cg\opengl_code\ffff\ffff\ffff.cpp(277): warning C4305: “参数”: 从“double”到“GLfloat”截断
d:\大三上\cg\opengl_code\ffff\ffff\ffff.cpp(289): warning C4305: “参数”: 从“double”到“GLfloat”截断
d:\大三上\cg\opengl_code\ffff\ffff\ffff.cpp(302): warning C4305: “+=”: 从“double”到“float”截断
d:\大三上\cg\opengl_code\ffff\ffff\ffff.cpp(304): warning C4305: “参数”: 从“double”到“GLfloat”截断
d:\大三上\cg\opengl_code\ffff\ffff\ffff.cpp(306): warning C4244: “参数”: 从“double”转换到“GLfloat”，可能丢失数据
d:\大三上\cg\opengl_code\ffff\ffff\ffff.cpp(308): warning C4244: “参数”: 从“double”转换到“GLfloat”，可能丢失数据
d:\大三上\cg\opengl_code\ffff\ffff\ffff.cpp(310): warning C4244: “参数”: 从“double”转换到“GLfloat”，可能丢失数据
d:\大三上\cg\opengl_code\ffff\ffff\ffff.cpp(312): warning C4244: “参数”: 从“double”转换到“GLfloat”，可能丢失数据
d:\大三上\cg\opengl_code\ffff\ffff\ffff.cpp(316): warning C4305: “参数”: 从“double”到“GLfloat”截断
d:\大三上\cg\opengl_code\ffff\ffff\ffff.cpp(318): warning C4244: “参数”: 从“double”转换到“GLfloat”，可能丢失数据
d:\大三上\cg\opengl_code\ffff\ffff\ffff.cpp(324): warning C4244: “参数”: 从“double”转换到“GLfloat”，可能丢失数据
d:\大三上\cg\opengl_code\ffff\ffff\ffff.cpp(328): warning C4305: “+=”: 从“double”到“float”截断
d:\大三上\cg\opengl_code\ffff\ffff\ffff.cpp(330): warning C4305: “参数”: 从“double”到“GLfloat”截断
d:\大三上\cg\opengl_code\ffff\ffff\ffff.cpp(332): warning C4244: “参数”: 从“double”转换到“GLfloat”，可能丢失数据
d:\大三上\cg\opengl_code\ffff\ffff\ffff.cpp(334): warning C4244: “参数”: 从“double”转换到“GLfloat”，可能丢失数据
d:\大三上\cg\opengl_code\ffff\ffff\ffff.cpp(336): warning C4244: “参数”: 从“double”转换到“GLfloat”，可能丢失数据
d:\大三上\cg\opengl_code\ffff\ffff\ffff.cpp(338): warning C4244: “参数”: 从“double”转换到“GLfloat”，可能丢失数据
d:\大三上\cg\opengl_code\ffff\ffff\ffff.cpp(342): warning C4305: “参数”: 从“double”到“GLfloat”截断
d:\大三上\cg\opengl_code\ffff\ffff\ffff.cpp(344): warning C4244: “参数”: 从“double”转换到“GLfloat”，可能丢失数据
d:\大三上\cg\opengl_code\ffff\ffff\ffff.cpp(346): warning C4244: “参数”: 从“double”转换到“GLfloat”，可能丢失数据
d:\大三上\cg\opengl_code\ffff\ffff\ffff.cpp(355): warning C4305: “=”: 从“double”到“float”截断
d:\大三上\cg\opengl_code\ffff\ffff\ffff.cpp(356): warning C4305: “=”: 从“double”到“float”截断
d:\大三上\cg\opengl_code\ffff\ffff\ffff.cpp(359): warning C4305: “参数”: 从“double”到“GLfloat”截断
d:\大三上\cg\opengl_code\ffff\ffff\ffff.cpp(369): warning C4305: “参数”: 从“double”到“GLfloat”截断
d:\大三上\cg\opengl_code\ffff\ffff\ffff.cpp(377): warning C4305: “参数”: 从“double”到“GLfloat”截断
d:\大三上\cg\opengl_code\ffff\ffff\ffff.cpp(386): warning C4305: “+=”: 从“double”到“float”截断
d:\大三上\cg\opengl_code\ffff\ffff\ffff.cpp(388): warning C4305: “参数”: 从“double”到“GLfloat”截断
d:\大三上\cg\opengl_code\ffff\ffff\ffff.cpp(389): warning C4244: “参数”: 从“double”转换到“GLfloat”，可能丢失数据
d:\大三上\cg\opengl_code\ffff\ffff\ffff.cpp(390): warning C4244: “参数”: 从“double”转换到“GLfloat”，可能丢失数据
d:\大三上\cg\opengl_code\ffff\ffff\ffff.cpp(391): warning C4244: “参数”: 从“double”转换到“GLfloat”，可能丢失数据
d:\大三上\cg\opengl_code\ffff\ffff\ffff.cpp(392): warning C4244: “参数”: 从“double”转换到“GLfloat”，可能丢失数据
d:\大三上\cg\opengl_code\ffff\ffff\ffff.cpp(396): warning C4305: “参数”: 从“double”到“GLfloat”截断
d:\大三上\cg\opengl_code\ffff\ffff\ffff.cpp(397): warning C4244: “参数”: 从“double”转换到“GLfloat”，可能丢失数据
d:\大三上\cg\opengl_code\ffff\ffff\ffff.cpp(400): warning C4244: “参数”: 从“double”转换到“GLfloat”，可能丢失数据
d:\大三上\cg\opengl_code\ffff\ffff\ffff.cpp(404): warning C4305: “+=”: 从“double”到“float”截断
d:\大三上\cg\opengl_code\ffff\ffff\ffff.cpp(406): warning C4305: “参数”: 从“double”到“GLfloat”截断
d:\大三上\cg\opengl_code\ffff\ffff\ffff.cpp(407): warning C4244: “参数”: 从“double”转换到“GLfloat”，可能丢失数据
d:\大三上\cg\opengl_code\ffff\ffff\ffff.cpp(408): warning C4244: “参数”: 从“double”转换到“GLfloat”，可能丢失数据
d:\大三上\cg\opengl_code\ffff\ffff\ffff.cpp(409): warning C4244: “参数”: 从“double”转换到“GLfloat”，可能丢失数据
d:\大三上\cg\opengl_code\ffff\ffff\ffff.cpp(410): warning C4244: “参数”: 从“double”转换到“GLfloat”，可能丢失数据
d:\大三上\cg\opengl_code\ffff\ffff\ffff.cpp(414): warning C4305: “参数”: 从“double”到“GLfloat”截断
d:\大三上\cg\opengl_code\ffff\ffff\ffff.cpp(415): warning C4244: “参数”: 从“double”转换到“GLfloat”，可能丢失数据
d:\大三上\cg\opengl_code\ffff\ffff\ffff.cpp(416): warning C4244: “参数”: 从“double”转换到“GLfloat”，可能丢失数据
d:\大三上\cg\opengl_code\ffff\ffff\ffff.cpp(432): warning C4305: “参数”: 从“double”到“GLfloat”截断
d:\大三上\cg\opengl_code\ffff\ffff\ffff.cpp(441): warning C4305: “参数”: 从“double”到“GLfloat”截断
d:\大三上\cg\opengl_code\ffff\ffff\ffff.cpp(451): warning C4305: “参数”: 从“double”到“GLfloat”截断
d:\大三上\cg\opengl_code\ffff\ffff\ffff.cpp(454): warning C4305: “参数”: 从“double”到“GLfloat”截断
d:\大三上\cg\opengl_code\ffff\ffff\ffff.cpp(460): warning C4305: “参数”: 从“double”到“GLfloat”截断
d:\大三上\cg\opengl_code\ffff\ffff\ffff.cpp(463): warning C4305: “参数”: 从“double”到“GLfloat”截断
d:\大三上\cg\opengl_code\ffff\ffff\ffff.cpp(469): warning C4305: “参数”: 从“double”到“GLfloat”截断
d:\大三上\cg\opengl_code\ffff\ffff\ffff.cpp(472): warning C4305: “参数”: 从“double”到“GLfloat”截断
d:\大三上\cg\opengl_code\ffff\ffff\ffff.cpp(617): warning C4244: “参数”: 从“double”转换到“GLfloat”，可能丢失数据
d:\大三上\cg\opengl_code\ffff\ffff\ffff.cpp(754): warning C4244: “=”: 从“int”转换到“float”，可能丢失数据
d:\大三上\cg\opengl_code\ffff\ffff\ffff.cpp(755): warning C4244: “=”: 从“int”转换到“float”，可能丢失数据
d:\大三上\cg\opengl_code\ffff\ffff\ffff.cpp(780): warning C4244: “=”: 从“int”转换到“float”，可能丢失数据
d:\大三上\cg\opengl_code\ffff\ffff\ffff.cpp(781): warning C4244: “=”: 从“int”转换到“float”，可能丢失数据
d:\大三上\cg\opengl_code\ffff\ffff\ffff.cpp(787): warning C4244: “=”: 从“int”转换到“float”，可能丢失数据
d:\大三上\cg\opengl_code\ffff\ffff\ffff.cpp(792): warning C4244: “=”: 从“int”转换到“float”，可能丢失数据
d:\大三上\cg\opengl_code\ffff\ffff\ffff.cpp(793): warning C4244: “=”: 从“int”转换到“float”，可能丢失数据
  ffff.vcxproj -> D:\大三上\CG\opengl_code\ffff\Debug\ffff.exe
